<?xml version="1.0" encoding="UTF-8"?>
<!-- Generated by org.testng.reporters.JUnitXMLReporter -->
<testsuite ignored="0" hostname="One" failures="0" tests="5" name="Test" time="127.469" errors="0" timestamp="2024-12-30T06:08:04 IST">
  <testcase classname="testclasspackage.ChiccoTestClass" name="testClass1" time="15.734"/>
  <testcase classname="testclasspackage.ChiccoTestClass" name="dataDrivenTest" time="1.353"/>
  <testcase classname="testclasspackage.ChiccoTestClass" name="dataDrivenTest" time="1.595"/>
  <testcase classname="testclasspackage.ChiccoTestClass" name="dataDrivenTest" time="1.387"/>
  <testcase classname="testclasspackage.ChiccoTestClass" name="testClass2" time="101.607"/>
</testsuite> <!-- Test -->
