<?xml version="1.0" encoding="UTF-8"?>
<testng-results ignored="0" total="5" passed="5" failed="0" skipped="0">
  <reporter-output>
  </reporter-output>
  <suite started-at="2024-12-30T06:05:57 IST" name="Suite" finished-at="2024-12-30T06:08:04 IST" duration-ms="127469">
    <groups>
    </groups>
    <test started-at="2024-12-30T06:05:57 IST" name="Test" finished-at="2024-12-30T06:08:04 IST" duration-ms="127469">
      <class name="testclasspackage.ChiccoTestClass">
        <test-method is-config="true" signature="setUp()[pri:0, instance:testclasspackage.ChiccoTestClass@33bc72d1]" started-at="2024-12-30T06:05:57 IST" name="setUp" finished-at="2024-12-30T06:06:01 IST" duration-ms="4609" status="PASS">
          <reporter-output>
          </reporter-output>
        </test-method> <!-- setUp -->
        <test-method signature="testClass1()[pri:0, instance:testclasspackage.ChiccoTestClass@33bc72d1]" started-at="2024-12-30T06:06:01 IST" name="testClass1" finished-at="2024-12-30T06:06:17 IST" duration-ms="15734" status="PASS">
          <reporter-output>
          </reporter-output>
        </test-method> <!-- testClass1 -->
        <test-method signature="dataDrivenTest(java.lang.String,java.lang.String)[pri:1, instance:testclasspackage.ChiccoTestClass@33bc72d1]" started-at="2024-12-30T06:06:18 IST" name="dataDrivenTest" data-provider="loginData" finished-at="2024-12-30T06:06:19 IST" duration-ms="1353" status="PASS">
          <params>
            <param index="0">
              <value>
                <![CDATA[chicco#100@gmail.com]]>
              </value>
            </param>
            <param index="1">
              <value>
                <![CDATA[Chicco9090]]>
              </value>
            </param>
          </params>
          <reporter-output>
          </reporter-output>
        </test-method> <!-- dataDrivenTest -->
        <test-method signature="dataDrivenTest(java.lang.String,java.lang.String)[pri:1, instance:testclasspackage.ChiccoTestClass@33bc72d1]" started-at="2024-12-30T06:06:19 IST" name="dataDrivenTest" data-provider="loginData" finished-at="2024-12-30T06:06:21 IST" duration-ms="1595" status="PASS">
          <params>
            <param index="0">
              <value>
                <![CDATA[Chicco2100@gmail.com]]>
              </value>
            </param>
            <param index="1">
              <value>
                <![CDATA[Chicco@1300]]>
              </value>
            </param>
          </params>
          <reporter-output>
          </reporter-output>
        </test-method> <!-- dataDrivenTest -->
        <test-method signature="dataDrivenTest(java.lang.String,java.lang.String)[pri:1, instance:testclasspackage.ChiccoTestClass@33bc72d1]" started-at="2024-12-30T06:06:21 IST" name="dataDrivenTest" data-provider="loginData" finished-at="2024-12-30T06:06:22 IST" duration-ms="1387" status="PASS">
          <params>
            <param index="0">
              <value>
                <![CDATA[ansu.s100@gmail.com]]>
              </value>
            </param>
            <param index="1">
              <value>
                <![CDATA[Chicco#chicco123]]>
              </value>
            </param>
          </params>
          <reporter-output>
          </reporter-output>
        </test-method> <!-- dataDrivenTest -->
        <test-method signature="testClass2()[pri:2, instance:testclasspackage.ChiccoTestClass@33bc72d1]" started-at="2024-12-30T06:06:22 IST" name="testClass2" finished-at="2024-12-30T06:08:04 IST" duration-ms="101607" status="PASS">
          <reporter-output>
          </reporter-output>
        </test-method> <!-- testClass2 -->
        <test-method is-config="true" signature="tearDown()[pri:0, instance:testclasspackage.ChiccoTestClass@33bc72d1]" started-at="2024-12-30T06:08:04 IST" name="tearDown" finished-at="2024-12-30T06:08:04 IST" duration-ms="439" status="PASS">
          <reporter-output>
          </reporter-output>
        </test-method> <!-- tearDown -->
      </class> <!-- testclasspackage.ChiccoTestClass -->
    </test> <!-- Test -->
  </suite> <!-- Suite -->
</testng-results>
